<?xml version="1.0" encoding="UTF-8"?>
<!-- Generated by org.testng.reporters.JUnitXMLReporter -->
<testsuite hostname="AllInOne-PC" ignored="0" name="Surefire test" tests="13" failures="1" timestamp="2021-06-26T11:08:52 BST" time="7.756" errors="0">
  <testcase name="verify_that_top_level_fields_can_be_filtered_by_queryparms on verify_that_top_level_fields_can_be_filtered_by_queryparms(cityBikes.CityBikeTests)" time="4.334" classname="cityBikes.CityBikeTests"/>
  <testcase name="baseUriReturnsSuccess on baseUriReturnsSuccess(cityBikes.CityBikeTests)" time="4.668" classname="cityBikes.CityBikeTests"/>
  <testcase name="verify_that_frankfurt_is_in_germany on verify_that_frankfurt_is_in_germany(cityBikes.CityBikeTests)" time="6.202" classname="cityBikes.CityBikeTests"/>
  <testcase name="verify_that_invalid_id_returns_not_found on verify_that_invalid_id_returns_not_found(cityBikes.CityBikeTests)" time="6.258" classname="cityBikes.CityBikeTests"/>
  <testcase name="getOrdersInventory on getOrdersInventory(pets.PetsTest)" time="0.674" classname="pets.PetsTest">
    <failure type="java.lang.AssertionError" message="
Expected: is &amp;lt;200&amp;gt;
     but: was &amp;lt;404&amp;gt;">
      <![CDATA[java.lang.AssertionError: 
Expected: is <200>
     but: was <404>
at org.hamcrest.MatcherAssert.assertThat(MatcherAssert.java:20)
at org.junit.Assert.assertThat(Assert.java:865)
at org.junit.Assert.assertThat(Assert.java:832)
at pets.PetsTest.getOrdersInventory(PetsTest.java:43)
at org.junit.runners.model.FrameworkMethod$1.runReflectiveCall(FrameworkMethod.java:47)
at org.junit.internal.runners.model.ReflectiveCallable.run(ReflectiveCallable.java:12)
at org.junit.runners.model.FrameworkMethod.invokeExplosively(FrameworkMethod.java:44)
at org.junit.internal.runners.statements.InvokeMethod.evaluate(InvokeMethod.java:17)
at org.junit.runners.ParentRunner.runLeaf(ParentRunner.java:271)
at org.junit.runners.BlockJUnit4ClassRunner.runChild(BlockJUnit4ClassRunner.java:70)
at org.junit.runners.BlockJUnit4ClassRunner.runChild(BlockJUnit4ClassRunner.java:50)
at org.junit.runners.ParentRunner$3.run(ParentRunner.java:238)
at org.junit.runners.ParentRunner$1.schedule(ParentRunner.java:63)
at org.junit.runners.ParentRunner.runChildren(ParentRunner.java:236)
at org.junit.runners.ParentRunner.access$000(ParentRunner.java:53)
at org.junit.runners.ParentRunner$2.evaluate(ParentRunner.java:229)
at org.junit.internal.runners.statements.RunBefores.evaluate(RunBefores.java:26)
at org.junit.runners.ParentRunner.run(ParentRunner.java:309)
at org.junit.runner.JUnitCore.run(JUnitCore.java:160)
at org.junit.runner.JUnitCore.run(JUnitCore.java:138)
at java.util.ArrayList.forEach(ArrayList.java:1257)
... Removed 28 stack frames]]>
    </failure>
  </testcase> <!-- getOrdersInventory on getOrdersInventory(pets.PetsTest) -->
  <testcase name="getStoreInventory on getStoreInventory(pets.PetsTest)" time="1.215" classname="pets.PetsTest"/>
  <testcase name="getPostById on getPostById(posts.PostTests)" time="0.173" classname="posts.PostTests"/>
  <testcase name="it_creates_penny_coin_with_correct_name_and_value on it_creates_penny_coin_with_correct_name_and_value(vendingMachine.CoinFactoryTests)" time="0.004" classname="vendingMachine.CoinFactoryTests"/>
  <testcase name="it_creates_dime_coin_with_correct_name_and_value on it_creates_dime_coin_with_correct_name_and_value(vendingMachine.CoinFactoryTests)" time="0.003" classname="vendingMachine.CoinFactoryTests"/>
  <testcase name="it_creates_nickel_coin_with_correct_name_and_value on it_creates_nickel_coin_with_correct_name_and_value(vendingMachine.CoinFactoryTests)" time="0.003" classname="vendingMachine.CoinFactoryTests"/>
  <testcase name="verify_createCoke_creates_coke_product on verify_createCoke_creates_coke_product(vendingMachine.ProductFactoryTests)" time="0.002" classname="vendingMachine.ProductFactoryTests"/>
  <testcase name="verify_createPepsi_creates_pepsi_product on verify_createPepsi_creates_pepsi_product(vendingMachine.ProductFactoryTests)" time="0.002" classname="vendingMachine.ProductFactoryTests"/>
  <testcase name="verify_createSoda_creates_soda_product on verify_createSoda_creates_soda_product(vendingMachine.ProductFactoryTests)" time="0.002" classname="vendingMachine.ProductFactoryTests"/>
</testsuite> <!-- Surefire test -->
