<html>
<head>
<title>TestNG:  Surefire test</title>
<link href="../testng.css" rel="stylesheet" type="text/css" />
<link href="../my-testng.css" rel="stylesheet" type="text/css" />

<style type="text/css">
.log { display: none;} 
.stack-trace { display: none;} 
</style>
<script type="text/javascript">
<!--
function flip(e) {
  current = e.style.display;
  if (current == 'block') {
    e.style.display = 'none';
    return 0;
  }
  else {
    e.style.display = 'block';
    return 1;
  }
}

function toggleBox(szDivId, elem, msg1, msg2)
{
  var res = -1;  if (document.getElementById) {
    res = flip(document.getElementById(szDivId));
  }
  else if (document.all) {
    // this is the way old msie versions work
    res = flip(document.all[szDivId]);
  }
  if(elem) {
    if(res == 0) elem.innerHTML = msg1; else elem.innerHTML = msg2;
  }

}

function toggleAllBoxes() {
  if (document.getElementsByTagName) {
    d = document.getElementsByTagName('div');
    for (i = 0; i < d.length; i++) {
      if (d[i].className == 'log') {
        flip(d[i]);
      }
    }
  }
}

// -->
</script>

</head>
<body>
<h2 align='center'>Surefire test</h2><table border='1' align="center">
<tr>
<td>Tests passed/Failed/Skipped:</td><td>12/1/0</td>
</tr><tr>
<td>Started on:</td><td>Sat Jun 26 11:08:44 BST 2021</td>
</tr>
<tr><td>Total time:</td><td>7 seconds (7756 ms)</td>
</tr><tr>
<td>Included groups:</td><td></td>
</tr><tr>
<td>Excluded groups:</td><td></td>
</tr>
</table><p/>
<small><i>(Hover the method name to see the test class name)</i></small><p/>
<table width='100%' border='1' class='invocation-failed'>
<tr><td colspan='4' align='center'><b>FAILED TESTS</b></td></tr>
<tr><td><b>Test method</b></td>
<td width="30%"><b>Exception</b></td>
<td width="10%"><b>Time (seconds)</b></td>
<td><b>Instance</b></td>
</tr>
<tr>
<td title='pets.PetsTest.getOrdersInventory()'><b>getOrdersInventory</b><br>Test class: pets.PetsTest</td>
<td><div><pre>java.lang.AssertionError: 
Expected: is &lt;200&gt;
     but: was &lt;404&gt;
	at org.hamcrest.MatcherAssert.assertThat(MatcherAssert.java:20)
	at org.junit.Assert.assertThat(Assert.java:865)
	at org.junit.Assert.assertThat(Assert.java:832)
	at pets.PetsTest.getOrdersInventory(PetsTest.java:43)
	at org.junit.runners.model.FrameworkMethod$1.runReflectiveCall(FrameworkMethod.java:47)
	at org.junit.internal.runners.model.ReflectiveCallable.run(ReflectiveCallable.java:12)
	at org.junit.runners.model.FrameworkMethod.invokeExplosively(FrameworkMethod.java:44)
	at org.junit.internal.runners.statements.InvokeMethod.evaluate(InvokeMethod.java:17)
	at org.junit.runners.ParentRunner.runLeaf(ParentRunner.java:271)
	at org.junit.runners.BlockJUnit4ClassRunner.runChild(BlockJUnit4ClassRunner.java:70)
	at org.junit.runners.BlockJUnit4ClassRunner.runChild(BlockJUnit4ClassRunner.java:50)
	at org.junit.runners.ParentRunner$3.run(ParentRunner.java:238)
	at org.junit.runners.ParentRunner$1.schedule(ParentRunner.java:63)
	at org.junit.runners.ParentRunner.runChildren(ParentRunner.java:236)
	at org.junit.runners.ParentRunner.access$000(ParentRunner.java:53)
	at org.junit.runners.ParentRunner$2.evaluate(ParentRunner.java:229)
	at org.junit.internal.runners.statements.RunBefores.evaluate(RunBefores.java:26)
	at org.junit.runners.ParentRunner.run(ParentRunner.java:309)
	at org.junit.runner.JUnitCore.run(JUnitCore.java:160)
	at org.junit.runner.JUnitCore.run(JUnitCore.java:138)
	at java.util.ArrayList.forEach(ArrayList.java:1257)
... Removed 28 stack frames</pre></div><a href='#' onClick='toggleBox("stack-trace1628289406", this, "Click to show all stack frames", "Click to hide stack frames")'>Click to show all stack frames</a>
<div class='stack-trace' id='stack-trace1628289406'><pre>java.lang.AssertionError: 
Expected: is &lt;200&gt;
     but: was &lt;404&gt;
	at org.hamcrest.MatcherAssert.assertThat(MatcherAssert.java:20)
	at org.junit.Assert.assertThat(Assert.java:865)
	at org.junit.Assert.assertThat(Assert.java:832)
	at pets.PetsTest.getOrdersInventory(PetsTest.java:43)
	at sun.reflect.NativeMethodAccessorImpl.invoke0(Native Method)
	at sun.reflect.NativeMethodAccessorImpl.invoke(NativeMethodAccessorImpl.java:62)
	at sun.reflect.DelegatingMethodAccessorImpl.invoke(DelegatingMethodAccessorImpl.java:43)
	at java.lang.reflect.Method.invoke(Method.java:498)
	at org.junit.runners.model.FrameworkMethod$1.runReflectiveCall(FrameworkMethod.java:47)
	at org.junit.internal.runners.model.ReflectiveCallable.run(ReflectiveCallable.java:12)
	at org.junit.runners.model.FrameworkMethod.invokeExplosively(FrameworkMethod.java:44)
	at org.junit.internal.runners.statements.InvokeMethod.evaluate(InvokeMethod.java:17)
	at org.junit.runners.ParentRunner.runLeaf(ParentRunner.java:271)
	at org.junit.runners.BlockJUnit4ClassRunner.runChild(BlockJUnit4ClassRunner.java:70)
	at org.junit.runners.BlockJUnit4ClassRunner.runChild(BlockJUnit4ClassRunner.java:50)
	at org.junit.runners.ParentRunner$3.run(ParentRunner.java:238)
	at org.junit.runners.ParentRunner$1.schedule(ParentRunner.java:63)
	at org.junit.runners.ParentRunner.runChildren(ParentRunner.java:236)
	at org.junit.runners.ParentRunner.access$000(ParentRunner.java:53)
	at org.junit.runners.ParentRunner$2.evaluate(ParentRunner.java:229)
	at org.junit.internal.runners.statements.RunBefores.evaluate(RunBefores.java:26)
	at org.junit.runners.ParentRunner.run(ParentRunner.java:309)
	at org.junit.runner.JUnitCore.run(JUnitCore.java:160)
	at org.junit.runner.JUnitCore.run(JUnitCore.java:138)
	at org.testng.junit.JUnit4TestRunner.start(JUnit4TestRunner.java:74)
	at org.testng.junit.JUnit4TestRunner.run(JUnit4TestRunner.java:65)
	at org.testng.TestRunner$1.run(TestRunner.java:652)
	at java.util.ArrayList.forEach(ArrayList.java:1257)
	at org.testng.TestRunner.runJUnitWorkers(TestRunner.java:843)
	at org.testng.TestRunner.privateRunJUnit(TestRunner.java:681)
	at org.testng.TestRunner.run(TestRunner.java:585)
	at org.testng.SuiteRunner.runTest(SuiteRunner.java:384)
	at org.testng.SuiteRunner.runSequentially(SuiteRunner.java:378)
	at org.testng.SuiteRunner.privateRun(SuiteRunner.java:337)
	at org.testng.SuiteRunner.run(SuiteRunner.java:286)
	at org.testng.SuiteRunnerWorker.runSuite(SuiteRunnerWorker.java:53)
	at org.testng.SuiteRunnerWorker.run(SuiteRunnerWorker.java:96)
	at org.testng.TestNG.runSuitesSequentially(TestNG.java:1187)
	at org.testng.TestNG.runSuitesLocally(TestNG.java:1109)
	at org.testng.TestNG.runSuites(TestNG.java:1039)
	at org.testng.TestNG.run(TestNG.java:1007)
	at org.apache.maven.surefire.testng.TestNGExecutor.run(TestNGExecutor.java:135)
	at org.apache.maven.surefire.testng.TestNGDirectoryTestSuite.executeMulti(TestNGDirectoryTestSuite.java:198)
	at org.apache.maven.surefire.testng.TestNGDirectoryTestSuite.execute(TestNGDirectoryTestSuite.java:94)
	at org.apache.maven.surefire.testng.TestNGProvider.invoke(TestNGProvider.java:146)
	at org.apache.maven.surefire.booter.ForkedBooter.invokeProviderInSameClassLoader(ForkedBooter.java:384)
	at org.apache.maven.surefire.booter.ForkedBooter.runSuitesInProcess(ForkedBooter.java:345)
	at org.apache.maven.surefire.booter.ForkedBooter.execute(ForkedBooter.java:126)
	at org.apache.maven.surefire.booter.ForkedBooter.main(ForkedBooter.java:418)
</pre></div></td>
<td>0</td>
<td>getOrdersInventory(pets.PetsTest)</td></tr>
</table><p>
<table width='100%' border='1' class='invocation-passed'>
<tr><td colspan='4' align='center'><b>PASSED TESTS</b></td></tr>
<tr><td><b>Test method</b></td>
<td width="30%"><b>Exception</b></td>
<td width="10%"><b>Time (seconds)</b></td>
<td><b>Instance</b></td>
</tr>
<tr>
<td title='cityBikes.CityBikeTests.baseUriReturnsSuccess()'><b>baseUriReturnsSuccess</b><br>Test class: cityBikes.CityBikeTests</td>
<td></td>
<td>4</td>
<td>baseUriReturnsSuccess(cityBikes.CityBikeTests)</td></tr>
<tr>
<td title='posts.PostTests.getPostById()'><b>getPostById</b><br>Test class: posts.PostTests</td>
<td></td>
<td>0</td>
<td>getPostById(posts.PostTests)</td></tr>
<tr>
<td title='pets.PetsTest.getStoreInventory()'><b>getStoreInventory</b><br>Test class: pets.PetsTest</td>
<td></td>
<td>1</td>
<td>getStoreInventory(pets.PetsTest)</td></tr>
<tr>
<td title='vendingMachine.CoinFactoryTests.it_creates_dime_coin_with_correct_name_and_value()'><b>it_creates_dime_coin_with_correct_name_and_value</b><br>Test class: vendingMachine.CoinFactoryTests</td>
<td></td>
<td>0</td>
<td>it_creates_dime_coin_with_correct_name_and_value(vendingMachine.CoinFactoryTests)</td></tr>
<tr>
<td title='vendingMachine.CoinFactoryTests.it_creates_nickel_coin_with_correct_name_and_value()'><b>it_creates_nickel_coin_with_correct_name_and_value</b><br>Test class: vendingMachine.CoinFactoryTests</td>
<td></td>
<td>0</td>
<td>it_creates_nickel_coin_with_correct_name_and_value(vendingMachine.CoinFactoryTests)</td></tr>
<tr>
<td title='vendingMachine.CoinFactoryTests.it_creates_penny_coin_with_correct_name_and_value()'><b>it_creates_penny_coin_with_correct_name_and_value</b><br>Test class: vendingMachine.CoinFactoryTests</td>
<td></td>
<td>0</td>
<td>it_creates_penny_coin_with_correct_name_and_value(vendingMachine.CoinFactoryTests)</td></tr>
<tr>
<td title='vendingMachine.ProductFactoryTests.verify_createCoke_creates_coke_product()'><b>verify_createCoke_creates_coke_product</b><br>Test class: vendingMachine.ProductFactoryTests</td>
<td></td>
<td>0</td>
<td>verify_createCoke_creates_coke_product(vendingMachine.ProductFactoryTests)</td></tr>
<tr>
<td title='vendingMachine.ProductFactoryTests.verify_createPepsi_creates_pepsi_product()'><b>verify_createPepsi_creates_pepsi_product</b><br>Test class: vendingMachine.ProductFactoryTests</td>
<td></td>
<td>0</td>
<td>verify_createPepsi_creates_pepsi_product(vendingMachine.ProductFactoryTests)</td></tr>
<tr>
<td title='vendingMachine.ProductFactoryTests.verify_createSoda_creates_soda_product()'><b>verify_createSoda_creates_soda_product</b><br>Test class: vendingMachine.ProductFactoryTests</td>
<td></td>
<td>0</td>
<td>verify_createSoda_creates_soda_product(vendingMachine.ProductFactoryTests)</td></tr>
<tr>
<td title='cityBikes.CityBikeTests.verify_that_frankfurt_is_in_germany()'><b>verify_that_frankfurt_is_in_germany</b><br>Test class: cityBikes.CityBikeTests</td>
<td></td>
<td>6</td>
<td>verify_that_frankfurt_is_in_germany(cityBikes.CityBikeTests)</td></tr>
<tr>
<td title='cityBikes.CityBikeTests.verify_that_invalid_id_returns_not_found()'><b>verify_that_invalid_id_returns_not_found</b><br>Test class: cityBikes.CityBikeTests</td>
<td></td>
<td>6</td>
<td>verify_that_invalid_id_returns_not_found(cityBikes.CityBikeTests)</td></tr>
<tr>
<td title='cityBikes.CityBikeTests.verify_that_top_level_fields_can_be_filtered_by_queryparms()'><b>verify_that_top_level_fields_can_be_filtered_by_queryparms</b><br>Test class: cityBikes.CityBikeTests</td>
<td></td>
<td>4</td>
<td>verify_that_top_level_fields_can_be_filtered_by_queryparms(cityBikes.CityBikeTests)</td></tr>
</table><p>
</body>
</html>